[2026-04-20 23:31:27,617][__main__][INFO] - config:
experiment_name: fraud-detection-baseline
run_name: depth4
model:
  n_estimators: 500
  max_depth: 4
  learning_rate: 0.05
  early_stopping_rounds: 30
split:
  val_frac: 0.15
  test_frac: 0.15
mlflow:
  tracking_uri: http://127.0.0.1:5000

[2026-04-20 23:31:27,846][__main__][INFO] - mlflow run_id: 225dee9976e24038a93c35d00c0fc189
[2026-04-20 23:31:27,851][src.data][INFO] - loading raw csvs
[2026-04-20 23:31:35,001][src.data][INFO] - loaded shape=(590540, 434)
[2026-04-20 23:31:37,997][src.data][INFO] - split sizes: train=413378 val=88581 test=88581
[2026-04-20 23:31:37,998][src.data][INFO] - fraud rates: train=0.0352 val=0.0343 test=0.0348
[2026-04-20 23:31:39,039][src.features][INFO] - feature counts: numeric=400 categorical=31
[2026-04-20 23:31:41,662][src.features][INFO] - final shapes: train=(413378, 431) val=(88581, 431) test=(88581, 431)
[2026-04-20 23:31:41,679][__main__][INFO] - scale_pos_weight=27.43 (pos=14538 neg=398840)
[2026-04-21 00:54:46,368][__main__][INFO] - best iteration: 498
[2026-04-21 00:54:46,771][__main__][INFO] - val metrics: {'pr_auc': 0.5068492564393804, 'roc_auc': 0.8934326886846521, 'recall_at_p50': 0.4822485207100592, 'recall_at_p90': 0.21959237343852728}
[2026-04-21 00:54:46,771][__main__][INFO] - test metrics: {'pr_auc': 0.4972073786158799, 'roc_auc': 0.892927096105125, 'recall_at_p50': 0.4411287706779111, 'recall_at_p90': 0.21472591631527732}
[2026-04-21 00:54:48,647][__main__][INFO] - model logged to mlflow
